        -:    0:Source:D:/learn_cpp/001/src/main.cpp
        -:    0:Graph:D:\learn_cpp\001\cmake-build-debug-\CMakeFiles\learn_cpp.dir\src\main.cpp.gcno
        -:    0:Data:D:\learn_cpp\001\cmake-build-debug-\CMakeFiles\learn_cpp.dir\src\main.cpp.gcda
        -:    0:Runs:1
        -:    1://
        -:    2:// Created by 36376 on 2022/7/23.
        -:    3://
        -:    4:
        -:    5:#include "iostream"
        -:    6:
function main called 1 returned 100% blocks executed 100%
        1:    7:int main() {
        -:    8:
        1:    9:    std::cout << "hello world!\n";
        1:    9-block  0
call    0 returned 1
        -:   10:
        1:   11:    return 0;
        -:   12:}
